<!DOCTYPE html PUBLIC "-//W3C//DTD XHTML 1.1//EN" "http://www.w3.org/TR/xhtml11/DTD/xhtml11.dtd">
<html xmlns="http://www.w3.org/1999/xhtml"><head><title>TestNG Report</title><style type="text/css">table {margin-bottom:10px;border-collapse:collapse;empty-cells:show}th,td {border:1px solid #009;padding:.25em .5em}th {vertical-align:bottom}td {vertical-align:top}table a {font-weight:bold}.stripe td {background-color: #E6EBF9}.num {text-align:right}.passedodd td {background-color: #3F3}.passedeven td {background-color: #0A0}.skippedodd td {background-color: #DDD}.skippedeven td {background-color: #CCC}.failedodd td,.attn {background-color: #F33}.failedeven td,.stripe .attn {background-color: #D00}.stacktrace {white-space:pre;font-family:monospace}.totop {font-size:85%;text-align:center;border-bottom:2px solid #000}</style></head><body><table><tr><th>Test</th><th># Passed</th><th># Skipped</th><th># Failed</th><th>Time (ms)</th><th>Included Groups</th><th>Excluded Groups</th></tr><tr><th colspan="7">POC suite</th></tr><tr><td><a href="#t0">LogCategorizer</a></td><td class="num">0</td><td class="num">0</td><td class="num">0</td><td class="num">9</td><td></td><td></td></tr><tr class="stripe"><td><a href="#t1">POC_suite_ChromeLatestWindows10</a></td><td class="num">1</td><td class="num">0</td><td class="num">0</td><td class="num">425,475</td><td></td><td></td></tr><tr><th>Total</th><th class="num">1</th><th class="num">0</th><th class="num">0</th><th class="num">425,484</th><th colspan="2"></th></tr></table><table><thead><tr><th>Class</th><th>Method</th><th>Start</th><th>Time (ms)</th></tr></thead><tbody><tr><th colspan="4">POC suite</th></tr></tbody><tbody id="t0"></tbody><tbody id="t1"><tr><th colspan="4">POC_suite_ChromeLatestWindows10 &#8212; failed (configuration methods)</th></tr><tr class="failedeven"><td rowspan="1">com.LimbicArc.testCases.SeleniumPOCTest</td><td><a href="#m0">tearDown</a></td><td rowspan="1">1579888779371</td><td rowspan="1">0</td></tr><tr><th colspan="4">POC_suite_ChromeLatestWindows10 &#8212; passed</th></tr><tr class="passedeven"><td rowspan="1">com.LimbicArc.testCases.SeleniumPOCTest</td><td><a href="#m1">logintest</a></td><td rowspan="1">1579888359816</td><td rowspan="1">419554</td></tr></tbody></table><h2>LogCategorizer</h2><h2>POC_suite_ChromeLatestWindows10</h2><h3 id="m0">com.LimbicArc.testCases.SeleniumPOCTest#tearDown</h3><table class="result"><tr><th>Exception</th></tr><tr><td><div class="stacktrace">Testing.LIMBICARCPOC.FailedTestException: org.openqa.selenium.ElementClickInterceptedException: element click intercepted: Element &lt;a href=&quot;https://www.shopdisney.com/gifts-content/&quot; id=&quot;gifts&quot; class=&quot;nav-link dropdown-toggle&quot; role=&quot;button&quot; data-toggle=&quot;dropdown&quot; aria-haspopup=&quot;true&quot; aria-expanded=&quot;false&quot; data-linkid=&quot;global_nav/gifts/primary/gifts landing page&quot; data-events=&quot;event30=1&quot;&gt;...&lt;/a&gt; is not clickable at point (530, 148). Other element would receive the click: &lt;div class=&quot;underlay&quot;&gt;&lt;/div&gt;
  (Session info: chrome=79.0.3945.130)
Build info: version: &apos;3.141.59&apos;, revision: &apos;e82be7d358&apos;, time: &apos;2018-11-14T08:17:03&apos;
System info: host: &apos;Aravinds-MBP.T-mobile.com&apos;, ip: &apos;192.168.29.185&apos;, os.name: &apos;Mac OS X&apos;, os.arch: &apos;x86_64&apos;, os.version: &apos;10.11.6&apos;, java.version: &apos;1.8.0_162&apos;
Driver info: org.openqa.selenium.chrome.ChromeDriver
Capabilities {acceptInsecureCerts: false, browserName: chrome, browserVersion: 79.0.3945.130, chrome: {chromedriverVersion: 79.0.3945.36 (3582db32b3389..., userDataDir: /var/folders/c6/6slpsnxn151...}, goog:chromeOptions: {debuggerAddress: localhost:57533}, javascriptEnabled: true, networkConnectionEnabled: false, pageLoadStrategy: normal, platform: MAC, platformName: MAC, proxy: Proxy(), setWindowRect: true, strictFileInteractability: false, timeouts: {implicit: 0, pageLoad: 300000, script: 30000}, unhandledPromptBehavior: dismiss and notify}
Session ID: 6e8fd87a0cab9ba2ef32aa38fbd8549b
	at Testing.LIMBICARCPOC.TestController.VerificationCheck(TestController.java:77)
	at com.LimbicArc.testCases.SeleniumPOCTest.tearDown(SeleniumPOCTest.java:51)
	at java.util.concurrent.ThreadPoolExecutor.runWorker(ThreadPoolExecutor.java:1149)
	at java.util.concurrent.ThreadPoolExecutor$Worker.run(ThreadPoolExecutor.java:624)
	at java.lang.Thread.run(Thread.java:748)
... Removed 10 stack frames</div></td></tr></table><p class="totop"><a href="#summary">back to summary</a></p><h3 id="m1">com.LimbicArc.testCases.SeleniumPOCTest#logintest</h3><table class="result"></table><p class="totop"><a href="#summary">back to summary</a></p></body></html>